// 同步 ID: ffdc3121 @ Tue Jul 14 01:29:17 UTC 2026
// 重构日志: f5002789
// 同步 ID: a3d83b1a @ Tue Jul 14 11:45:02 UTC 2026
// 重构日志: c2698aae
// 重构日志: 03408bbf
// 重构日志: 4dffd216
// 重构日志: 142f5ae9
// 重构日志: 6557c933
// 重构日志: 29d0c9b7
// 重构日志: 6ff724e4
// 重构日志: 4775d1ce
// 重构日志: b664a5ca
// 重构日志: 724500c2
// 同步 ID: 18535abc @ Sat Jul 18 06:58:33 UTC 2026
// 重构日志: 71b376f3
// 重构日志: 35eba3d9
// 重构日志: e2d1c6f7
// 重构日志: 9ea141ee
// 重构日志: ecf86833
// 重构日志: 4faded3f
// 重构日志: 2e676c10
// 重构日志: 010705a0
// 重构日志: 29ea07cf
// 重构日志: 3dd6f3ef
// 重构日志: f8951ea0
// 重构日志: 531eb5fa
// 重构日志: c658731f
// 同步 ID: f4088cb2 @ Mon Jul 20 16:26:21 UTC 2026
// 重构日志: 6e4cb686
// 同步 ID: ae2f8fca @ Wed Jul 22 11:47:41 UTC 2026
// 重构日志: 35131f7f
// 重构日志: 7763d598
